<?xml version="1.0" encoding="UTF-8"?>
<!-- Generated by org.testng.reporters.JUnitReportReporter -->
<testsuite skipped="0" hostname="LAPTOP-VSC0O2AJ" name="testLoginPage.NewTestLoginPage" tests="8" failures="0" timestamp="2023-03-21T19:01:34 ICT" time="3.678" errors="0">
  <testcase name="test_login_lockout" time="0.608" classname="testLoginPage.NewTestLoginPage"/>
  <system-out/>
  <testcase name="test_login_false_1" time="0.472" classname="testLoginPage.NewTestLoginPage"/>
  <system-out/>
  <testcase name="test_login_false_2" time="0.469" classname="testLoginPage.NewTestLoginPage"/>
  <system-out/>
  <testcase name="test_login_success" time="0.619" classname="testLoginPage.NewTestLoginPage"/>
  <system-out/>
  <testcase name="test_login_false_4" time="0.492" classname="testLoginPage.NewTestLoginPage"/>
  <system-out/>
  <testcase name="test_login_false_5" time="0.445" classname="testLoginPage.NewTestLoginPage"/>
  <system-out/>
  <testcase name="lableTittle" time="0.180" classname="testLoginPage.NewTestLoginPage"/>
  <system-out/>
  <testcase name="test_login_false_3" time="0.393" classname="testLoginPage.NewTestLoginPage"/>
  <system-out/>
</testsuite> <!-- testLoginPage.NewTestLoginPage -->
