<?xml version="1.0" encoding="UTF-8"?>
<!-- Generated by org.testng.reporters.JUnitReportReporter -->
<testsuite skipped="0" hostname="LAPTOP-VSC0O2AJ" name="testselenium01.testAcountMgento" tests="1" failures="0" timestamp="2023-03-08T14:47:21 ICT" time="3.533" errors="0">
  <testcase name="createAcount" time="3.533" classname="testselenium01.testAcountMgento"/>
  <system-out/>
</testsuite> <!-- testselenium01.testAcountMgento -->
