<?xml version="1.0" encoding="UTF-8"?>
<!-- Generated by org.testng.reporters.JUnitReportReporter -->
<testsuite skipped="0" hostname="LAPTOP-VSC0O2AJ" name="testselenium01.SampleTest" tests="3" failures="0" timestamp="2023-03-07T20:01:40 ICT" time="5.965" errors="0">
  <testcase name="product_1" time="2.110" classname="testselenium01.SampleTest"/>
  <system-out/>
  <testcase name="product" time="3.623" classname="testselenium01.SampleTest"/>
  <system-out/>
  <testcase name="product_0" time="0.232" classname="testselenium01.SampleTest"/>
  <system-out/>
</testsuite> <!-- testselenium01.SampleTest -->
