<?xml version="1.0" encoding="UTF-8"?>
<!-- Generated by org.testng.reporters.JUnitReportReporter -->
<testsuite skipped="0" hostname="LAPTOP-VSC0O2AJ" name="testselenium01.TestDemoblaze" tests="2" failures="0" timestamp="2023-03-11T16:00:46 ICT" time="11.752" errors="0">
  <testcase name="cart" time="5.000" classname="testselenium01.TestDemoblaze"/>
  <system-out/>
  <testcase name="add" time="6.752" classname="testselenium01.TestDemoblaze"/>
  <system-out/>
</testsuite> <!-- testselenium01.TestDemoblaze -->
