<?xml version="1.0" encoding="UTF-8"?>
<!-- Generated by org.testng.reporters.JUnitReportReporter -->
<testsuite skipped="0" hostname="LAPTOP-VSC0O2AJ" name="testselenium01.TestLogin" tests="2" failures="0" timestamp="2023-03-09T19:29:23 ICT" time="0.549" errors="0">
  <testcase name="login" time="0.110" classname="testselenium01.TestLogin"/>
  <system-out/>
  <testcase name="cart" time="0.439" classname="testselenium01.TestLogin"/>
  <system-out/>
</testsuite> <!-- testselenium01.TestLogin -->
